app/build/outputs/logs/manifest-merger-debug-report.txt
-- Merging decision tree log ---
manifest
ADDED from src/main/AndroidManifest.xml:2:1-99:12
INJECTED from src/main/AndroidManifest.xml:2:1-99:12
INJECTED from src/main/AndroidManifest.xml:2:1-99:12
INJECTED from src/main/AndroidManifest.xml:2:1-99:12
MERGED from [com.google.firebase:firebase-core:11.8.0] AndroidManifest.xml:2:1-6:12
MERGED from [com.google.firebase:firebase-auth:11.8.0] AndroidManifest.xml:17:1-32:12
MERGED from [com.google.firebase:firebase-database:11.8.0] AndroidManifest.xml:2:1-8:12
MERGED from [com.google.firebase:firebase-storage:11.8.0] AndroidManifest.xml:2:1-8:12
MERGED from [com.google.android.gms:play-services-gcm:11.8.0] AndroidManifest.xml:17:1-28:12
MERGED from [com.android.support:design:27.1.1] AndroidManifest.xml:17:1-22:12
MERGED from [com.android.support:recyclerview-v7:27.1.1] AndroidManifest.xml:17:1-22:12
MERGED from [com.crashlytics.sdk.android:crashlytics:2.9.3] AndroidManifest.xml:2:1-19:12
MERGED from [com.android.support:appcompat-v7:27.1.1] AndroidManifest.xml:17:1-22:12
MERGED from [com.android.support.constraint:constraint-layout:1.1.0] AndroidManifest.xml:2:1-11:12
MERGED from [com.google.firebase:firebase-analytics:11.8.0] AndroidManifest.xml:17:1-54:12
MERGED from [com.google.android.gms:play-services-iid:11.8.0] AndroidManifest.xml:17:1-28:12
MERGED from [com.google.android.gms:play-services-base:11.8.0] AndroidManifest.xml:17:1-29:12
MERGED from [com.google.firebase:firebase-database-connection:11.8.0] AndroidManifest.xml:2:1-8:12
MERGED from [com.google.firebase:firebase-analytics-impl:11.8.0] AndroidManifest.xml:17:1-40:12
MERGED from [com.google.firebase:firebase-iid:11.8.0] AndroidManifest.xml:17:1-59:12
MERGED from [com.google.firebase:firebase-common:11.8.0] AndroidManifest.xml:2:1-15:12
MERGED from [com.google.android.gms:play-services-tasks:11.8.0] AndroidManifest.xml:2:1-9:12
MERGED from [com.google.firebase:firebase-storage-common:11.8.0] AndroidManifest.xml:2:1-8:12
MERGED from [com.google.android.gms:play-services-basement:11.8.0] AndroidManifest.xml:17:1-28:12
MERGED from [com.google.firebase:firebase-auth-license:11.8.0] AndroidManifest.xml:2:1-6:12
MERGED from [com.google.firebase:firebase-database-license:11.8.0] AndroidManifest.xml:2:1-6:12
MERGED from [com.google.firebase:firebase-storage-license:11.8.0] AndroidManifest.xml:2:1-6:12
MERGED from [com.google.android.gms:play-services-gcm-license:11.8.0] AndroidManifest.xml:2:1-6:12
MERGED from [com.android.support:support-v4:27.1.1] AndroidManifest.xml:17:1-22:12
MERGED from [com.android.support:support-fragment:27.1.1] AndroidManifest.xml:17:1-22:12
MERGED from [com.android.support:animated-vector-drawable:27.1.1] AndroidManifest.xml:17:1-22:12
MERGED from [com.android.support:support-core-ui:27.1.1] AndroidManifest.xml:17:1-22:12
MERGED from [com.android.support:support-core-utils:27.1.1] AndroidManifest.xml:17:1-22:12
MERGED from [com.android.support:support-vector-drawable:27.1.1] AndroidManifest.xml:17:1-22:12
MERGED from [com.android.support:transition:27.1.1] AndroidManifest.xml:17:1-22:12
MERGED from [com.android.support:support-media-compat:27.1.1] AndroidManifest.xml:17:1-22:12
MERGED from [com.android.support:support-compat:27.1.1] AndroidManifest.xml:17:1-22:12
MERGED from [com.crashlytics.sdk.android:crashlytics-core:2.6.3] AndroidManifest.xml:45:1-56:12
MERGED from [com.crashlytics.sdk.android:answers:1.4.2] AndroidManifest.xml:2:1-13:12
MERGED from [com.crashlytics.sdk.android:beta:1.2.8] AndroidManifest.xml:2:1-13:12
MERGED from [io.fabric.sdk.android:fabric:1.4.3] AndroidManifest.xml:22:1-33:12
MERGED from [com.google.firebase:firebase-analytics-license:11.8.0] AndroidManifest.xml:2:1-6:12
MERGED from [com.google.android.gms:play-services-base-license:11.8.0] AndroidManifest.xml:2:1-6:12
MERGED from [com.google.android.gms:play-services-basement-license:11.8.0] AndroidManifest.xml:2:1-6:12
MERGED from [com.google.firebase:firebase-common-license:11.8.0] AndroidManifest.xml:2:1-6:12
MERGED from [com.google.android.gms:play-services-tasks-license:11.8.0] AndroidManifest.xml:2:1-6:12
MERGED from [com.google.firebase:firebase-database-connection-license:11.8.0] AndroidManifest.xml:2:1-6:12
MERGED from [com.google.firebase:firebase-storage-common-license:11.8.0] AndroidManifest.xml:2:1-6:12
MERGED from [com.google.android.gms:play-services-iid-license:11.8.0] AndroidManifest.xml:2:1-6:12
MERGED from [android.arch.lifecycle:livedata-core:1.1.0] AndroidManifest.xml:17:1-22:12
MERGED from [android.arch.lifecycle:viewmodel:1.1.0] AndroidManifest.xml:17:1-22:12
MERGED from [com.google.firebase:firebase-analytics-impl-license:11.8.0] AndroidManifest.xml:2:1-6:12
MERGED from [android.arch.lifecycle:runtime:1.1.0] AndroidManifest.xml:17:1-22:12
MERGED from [android.arch.core:runtime:1.1.0] AndroidManifest.xml:17:1-22:12
MERGED from [com.google.firebase:firebase-iid-license:11.8.0] AndroidManifest.xml:2:1-6:12
INJECTED from src/main/AndroidManifest.xml:2:1-99:12
INJECTED from src/main/AndroidManifest.xml:2:1-99:12
INJECTED from src/main/AndroidManifest.xml:2:1-99:12
	package
		ADDED from src/main/AndroidManifest.xml:3:5-46
		INJECTED from src/main/AndroidManifest.xml
		INJECTED from src/main/AndroidManifest.xml
	android:versionName
		INJECTED from src/main/AndroidManifest.xml
		ADDED from src/main/AndroidManifest.xml:2:1-99:12
		INJECTED from src/main/AndroidManifest.xml
	android:versionCode
		INJECTED from src/main/AndroidManifest.xml
		ADDED from src/main/AndroidManifest.xml:2:1-99:12
		INJECTED from src/main/AndroidManifest.xml
	xmlns:android
		ADDED from src/main/AndroidManifest.xml:2:11-69
uses-permission#android.permission.READ_EXTERNAL_STORAGE
ADDED from src/main/AndroidManifest.xml:5:5-80
	android:name
		ADDED from src/main/AndroidManifest.xml:5:22-77
application
ADDED from src/main/AndroidManifest.xml:7:5-97:19
MERGED from [com.google.firebase:firebase-core:11.8.0] AndroidManifest.xml:5:5-20
MERGED from [com.google.firebase:firebase-core:11.8.0] AndroidManifest.xml:5:5-20
MERGED from [com.google.firebase:firebase-auth:11.8.0] AndroidManifest.xml:22:5-30:19
MERGED from [com.google.firebase:firebase-auth:11.8.0] AndroidManifest.xml:22:5-30:19
MERGED from [com.google.android.gms:play-services-gcm:11.8.0] AndroidManifest.xml:26:5-20
MERGED from [com.google.android.gms:play-services-gcm:11.8.0] AndroidManifest.xml:26:5-20
MERGED from [com.crashlytics.sdk.android:crashlytics:2.9.3] AndroidManifest.xml:11:5-17:19
MERGED from [com.crashlytics.sdk.android:crashlytics:2.9.3] AndroidManifest.xml:11:5-17:19
MERGED from [com.android.support.constraint:constraint-layout:1.1.0] AndroidManifest.xml:9:5-20
MERGED from [com.android.support.constraint:constraint-layout:1.1.0] AndroidManifest.xml:9:5-20
MERGED from [com.google.firebase:firebase-analytics:11.8.0] AndroidManifest.xml:27:5-52:19
MERGED from [com.google.firebase:firebase-analytics:11.8.0] AndroidManifest.xml:27:5-52:19
MERGED from [com.google.android.gms:play-services-iid:11.8.0] AndroidManifest.xml:26:5-20
MERGED from [com.google.android.gms:play-services-iid:11.8.0] AndroidManifest.xml:26:5-20
MERGED from [com.google.android.gms:play-services-base:11.8.0] AndroidManifest.xml:22:5-27:19
MERGED from [com.google.android.gms:play-services-base:11.8.0] AndroidManifest.xml:22:5-27:19
MERGED from [com.google.firebase:firebase-analytics-impl:11.8.0] AndroidManifest.xml:27:5-38:19
MERGED from [com.google.firebase:firebase-analytics-impl:11.8.0] AndroidManifest.xml:27:5-38:19
MERGED from [com.google.firebase:firebase-iid:11.8.0] AndroidManifest.xml:34:5-57:19
MERGED from [com.google.firebase:firebase-iid:11.8.0] AndroidManifest.xml:34:5-57:19
MERGED from [com.google.firebase:firebase-common:11.8.0] AndroidManifest.xml:7:5-13:19
MERGED from [com.google.firebase:firebase-common:11.8.0] AndroidManifest.xml:7:5-13:19
MERGED from [com.google.android.gms:play-services-tasks:11.8.0] AndroidManifest.xml:7:5-20
MERGED from [com.google.android.gms:play-services-tasks:11.8.0] AndroidManifest.xml:7:5-20
MERGED from [com.google.android.gms:play-services-basement:11.8.0] AndroidManifest.xml:22:5-26:19
MERGED from [com.google.android.gms:play-services-basement:11.8.0] AndroidManifest.xml:22:5-26:19
MERGED from [com.google.firebase:firebase-auth-license:11.8.0] AndroidManifest.xml:5:5-20
MERGED from [com.google.firebase:firebase-auth-license:11.8.0] AndroidManifest.xml:5:5-20
MERGED from [com.google.firebase:firebase-database-license:11.8.0] AndroidManifest.xml:5:5-20
MERGED from [com.google.firebase:firebase-database-license:11.8.0] AndroidManifest.xml:5:5-20
MERGED from [com.google.firebase:firebase-storage-license:11.8.0] AndroidManifest.xml:5:5-20
MERGED from [com.google.firebase:firebase-storage-license:11.8.0] AndroidManifest.xml:5:5-20
MERGED from [com.google.android.gms:play-services-gcm-license:11.8.0] AndroidManifest.xml:5:5-20
MERGED from [com.google.android.gms:play-services-gcm-license:11.8.0] AndroidManifest.xml:5:5-20
MERGED from [com.crashlytics.sdk.android:crashlytics-core:2.6.3] AndroidManifest.xml:54:5-20
MERGED from [com.crashlytics.sdk.android:crashlytics-core:2.6.3] AndroidManifest.xml:54:5-20
MERGED from [com.crashlytics.sdk.android:answers:1.4.2] AndroidManifest.xml:11:5-20
MERGED from [com.crashlytics.sdk.android:answers:1.4.2] AndroidManifest.xml:11:5-20
MERGED from [com.crashlytics.sdk.android:beta:1.2.8] AndroidManifest.xml:11:5-20
MERGED from [com.crashlytics.sdk.android:beta:1.2.8] AndroidManifest.xml:11:5-20
MERGED from [io.fabric.sdk.android:fabric:1.4.3] AndroidManifest.xml:31:5-20
MERGED from [io.fabric.sdk.android:fabric:1.4.3] AndroidManifest.xml:31:5-20
MERGED from [com.google.firebase:firebase-analytics-license:11.8.0] AndroidManifest.xml:5:5-20
MERGED from [com.google.firebase:firebase-analytics-license:11.8.0] AndroidManifest.xml:5:5-20
MERGED from [com.google.android.gms:play-services-base-license:11.8.0] AndroidManifest.xml:5:5-20
MERGED from [com.google.android.gms:play-services-base-license:11.8.0] AndroidManifest.xml:5:5-20
MERGED from [com.google.android.gms:play-services-basement-license:11.8.0] AndroidManifest.xml:5:5-20
MERGED from [com.google.android.gms:play-services-basement-license:11.8.0] AndroidManifest.xml:5:5-20
MERGED from [com.google.firebase:firebase-common-license:11.8.0] AndroidManifest.xml:5:5-20
MERGED from [com.google.firebase:firebase-common-license:11.8.0] AndroidManifest.xml:5:5-20
MERGED from [com.google.android.gms:play-services-tasks-license:11.8.0] AndroidManifest.xml:5:5-20
MERGED from [com.google.android.gms:play-services-tasks-license:11.8.0] AndroidManifest.xml:5:5-20
MERGED from [com.google.firebase:firebase-database-connection-license:11.8.0] AndroidManifest.xml:5:5-20
MERGED from [com.google.firebase:firebase-database-connection-license:11.8.0] AndroidManifest.xml:5:5-20
MERGED from [com.google.firebase:firebase-storage-common-license:11.8.0] AndroidManifest.xml:5:5-20
MERGED from [com.google.firebase:firebase-storage-common-license:11.8.0] AndroidManifest.xml:5:5-20
MERGED from [com.google.android.gms:play-services-iid-license:11.8.0] AndroidManifest.xml:5:5-20
MERGED from [com.google.android.gms:play-services-iid-license:11.8.0] AndroidManifest.xml:5:5-20
MERGED from [com.google.firebase:firebase-analytics-impl-license:11.8.0] AndroidManifest.xml:5:5-20
MERGED from [com.google.firebase:firebase-analytics-impl-license:11.8.0] AndroidManifest.xml:5:5-20
MERGED from [com.google.firebase:firebase-iid-license:11.8.0] AndroidManifest.xml:5:5-20
MERGED from [com.google.firebase:firebase-iid-license:11.8.0] AndroidManifest.xml:5:5-20
	android:supportsRtl
		ADDED from src/main/AndroidManifest.xml:12:9-35
	android:label
		ADDED from src/main/AndroidManifest.xml:11:9-41
	android:roundIcon
		ADDED from src/main/AndroidManifest.xml:10:9-47
	android:icon
		ADDED from src/main/AndroidManifest.xml:9:9-43
	android:allowBackup
		ADDED from src/main/AndroidManifest.xml:8:9-35
	android:theme
		ADDED from src/main/AndroidManifest.xml:13:9-65
activity#com.example.nibhr.myapplication.MainActivity
ADDED from src/main/AndroidManifest.xml:14:9-22:20
	android:label
		ADDED from src/main/AndroidManifest.xml:16:13-41
	android:name
		ADDED from src/main/AndroidManifest.xml:15:13-41
intent-filter#action:name:android.intent.action.MAIN+category:name:android.intent.category.LAUNCHER
ADDED from src/main/AndroidManifest.xml:17:13-21:29
action#android.intent.action.MAIN
ADDED from src/main/AndroidManifest.xml:18:17-69
	android:name
		ADDED from src/main/AndroidManifest.xml:18:25-66
category#android.intent.category.LAUNCHER
ADDED from src/main/AndroidManifest.xml:20:17-77
	android:name
		ADDED from src/main/AndroidManifest.xml:20:27-74
activity#com.example.nibhr.myapplication.HomeActivity
ADDED from src/main/AndroidManifest.xml:23:9-29:20
	android:label
		ADDED from src/main/AndroidManifest.xml:25:13-33
	android:name
		ADDED from src/main/AndroidManifest.xml:24:13-41
intent-filter#action:name:android.intent.action.VIEW
ADDED from src/main/AndroidManifest.xml:26:13-28:29
action#android.intent.action.VIEW
ADDED from src/main/AndroidManifest.xml:27:17-69
	android:name
		ADDED from src/main/AndroidManifest.xml:27:25-66
activity#com.example.nibhr.myapplication.DocActivity
ADDED from src/main/AndroidManifest.xml:30:9-36:20
	android:label
		ADDED from src/main/AndroidManifest.xml:32:13-38
	android:name
		ADDED from src/main/AndroidManifest.xml:31:13-40
activity#com.example.nibhr.myapplication.PassActivity
ADDED from src/main/AndroidManifest.xml:37:9-43:20
	android:label
		ADDED from src/main/AndroidManifest.xml:39:13-44
	android:name
		ADDED from src/main/AndroidManifest.xml:38:13-41
activity#com.example.nibhr.myapplication.UserActivity
ADDED from src/main/AndroidManifest.xml:44:9-48:20
	android:name
		ADDED from src/main/AndroidManifest.xml:44:19-47
activity#com.example.nibhr.myapplication.UploadActivity
ADDED from src/main/AndroidManifest.xml:49:9-53:20
	android:name
		ADDED from src/main/AndroidManifest.xml:49:19-49
activity#com.example.nibhr.myapplication.SearchActivity
ADDED from src/main/AndroidManifest.xml:54:9-58:20
	android:name
		ADDED from src/main/AndroidManifest.xml:54:19-49
activity#com.example.nibhr.myapplication.DeptActivity
ADDED from src/main/AndroidManifest.xml:59:9-65:20
	android:label
		ADDED from src/main/AndroidManifest.xml:61:13-40
	android:name
		ADDED from src/main/AndroidManifest.xml:60:13-41
activity#com.example.nibhr.myapplication.HRpage
ADDED from src/main/AndroidManifest.xml:66:9-72:20
	android:label
		ADDED from src/main/AndroidManifest.xml:68:13-44
	android:name
		ADDED from src/main/AndroidManifest.xml:67:13-35
activity#com.example.nibhr.myapplication.Fpage
ADDED from src/main/AndroidManifest.xml:73:9-79:20
	android:label
		ADDED from src/main/AndroidManifest.xml:75:13-36
	android:name
		ADDED from src/main/AndroidManifest.xml:74:13-34
activity#com.example.nibhr.myapplication.Mpage
ADDED from src/main/AndroidManifest.xml:80:9-86:20
	android:label
		ADDED from src/main/AndroidManifest.xml:82:13-38
	android:name
		ADDED from src/main/AndroidManifest.xml:81:13-34
activity#com.example.nibhr.myapplication.Tpage
ADDED from src/main/AndroidManifest.xml:87:9-93:20
	android:label
		ADDED from src/main/AndroidManifest.xml:89:13-38
	android:name
		ADDED from src/main/AndroidManifest.xml:88:13-34
activity#com.example.nibhr.myapplication.UserRegisterActivity
ADDED from src/main/AndroidManifest.xml:94:9-58
	android:name
		ADDED from src/main/AndroidManifest.xml:94:19-55
activity#com.example.nibhr.myapplication.ForgotPasswordActivity
ADDED from src/main/AndroidManifest.xml:95:9-60
	android:name
		ADDED from src/main/AndroidManifest.xml:95:19-57
activity#com.example.nibhr.myapplication.DownloadActivity
ADDED from src/main/AndroidManifest.xml:96:9-54
	android:name
		ADDED from src/main/AndroidManifest.xml:96:19-51
uses-sdk
INJECTED from src/main/AndroidManifest.xml reason: use-sdk injection requested
INJECTED from src/main/AndroidManifest.xml
INJECTED from src/main/AndroidManifest.xml
MERGED from [com.google.firebase:firebase-core:11.8.0] AndroidManifest.xml:4:5-43
MERGED from [com.google.firebase:firebase-core:11.8.0] AndroidManifest.xml:4:5-43
MERGED from [com.google.firebase:firebase-auth:11.8.0] AndroidManifest.xml:20:5-44
MERGED from [com.google.firebase:firebase-auth:11.8.0] AndroidManifest.xml:20:5-44
MERGED from [com.google.firebase:firebase-database:11.8.0] AndroidManifest.xml:6:5-44
MERGED from [com.google.firebase:firebase-database:11.8.0] AndroidManifest.xml:6:5-44
MERGED from [com.google.firebase:firebase-storage:11.8.0] AndroidManifest.xml:6:5-44
MERGED from [com.google.firebase:firebase-storage:11.8.0] AndroidManifest.xml:6:5-44
MERGED from [com.google.android.gms:play-services-gcm:11.8.0] AndroidManifest.xml:20:5-44
MERGED from [com.google.android.gms:play-services-gcm:11.8.0] AndroidManifest.xml:20:5-44
MERGED from [com.android.support:design:27.1.1] AndroidManifest.xml:20:5-44
MERGED from [com.android.support:design:27.1.1] AndroidManifest.xml:20:5-44
MERGED from [com.android.support:recyclerview-v7:27.1.1] AndroidManifest.xml:20:5-44
MERGED from [com.android.support:recyclerview-v7:27.1.1] AndroidManifest.xml:20:5-44
MERGED from [com.crashlytics.sdk.android:crashlytics:2.9.3] AndroidManifest.xml:7:5-43
MERGED from [com.crashlytics.sdk.android:crashlytics:2.9.3] AndroidManifest.xml:7:5-43
MERGED from [com.android.support:appcompat-v7:27.1.1] AndroidManifest.xml:20:5-44
MERGED from [com.android.support:appcompat-v7:27.1.1] AndroidManifest.xml:20:5-44
MERGED from [com.android.support.constraint:constraint-layout:1.1.0] AndroidManifest.xml:5:5-7:41
MERGED from [com.android.support.constraint:constraint-layout:1.1.0] AndroidManifest.xml:5:5-7:41
MERGED from [com.google.firebase:firebase-analytics:11.8.0] AndroidManifest.xml:20:5-44
MERGED from [com.google.firebase:firebase-analytics:11.8.0] AndroidManifest.xml:20:5-44
MERGED from [com.google.android.gms:play-services-iid:11.8.0] AndroidManifest.xml:20:5-44
MERGED from [com.google.android.gms:play-services-iid:11.8.0] AndroidManifest.xml:20:5-44
MERGED from [com.google.android.gms:play-services-base:11.8.0] AndroidManifest.xml:20:5-44
MERGED from [com.google.android.gms:play-services-base:11.8.0] AndroidManifest.xml:20:5-44
MERGED from [com.google.firebase:firebase-database-connection:11.8.0] AndroidManifest.xml:6:5-44
MERGED from [com.google.firebase:firebase-database-connection:11.8.0] AndroidManifest.xml:6:5-44
MERGED from [com.google.firebase:firebase-analytics-impl:11.8.0] AndroidManifest.xml:20:5-44
MERGED from [com.google.firebase:firebase-analytics-impl:11.8.0] AndroidManifest.xml:20:5-44
MERGED from [com.google.firebase:firebase-iid:11.8.0] AndroidManifest.xml:20:5-44
MERGED from [com.google.firebase:firebase-iid:11.8.0] AndroidManifest.xml:20:5-44
MERGED from [com.google.firebase:firebase-common:11.8.0] AndroidManifest.xml:5:5-44
MERGED from [com.google.firebase:firebase-common:11.8.0] AndroidManifest.xml:5:5-44
MERGED from [com.google.android.gms:play-services-tasks:11.8.0] AndroidManifest.xml:5:5-44
MERGED from [com.google.android.gms:play-services-tasks:11.8.0] AndroidManifest.xml:5:5-44
MERGED from [com.google.firebase:firebase-storage-common:11.8.0] AndroidManifest.xml:6:5-44
MERGED from [com.google.firebase:firebase-storage-common:11.8.0] AndroidManifest.xml:6:5-44
MERGED from [com.google.android.gms:play-services-basement:11.8.0] AndroidManifest.xml:20:5-44
MERGED from [com.google.android.gms:play-services-basement:11.8.0] AndroidManifest.xml:20:5-44
MERGED from [com.google.firebase:firebase-auth-license:11.8.0] AndroidManifest.xml:4:5-43
MERGED from [com.google.firebase:firebase-auth-license:11.8.0] AndroidManifest.xml:4:5-43
MERGED from [com.google.firebase:firebase-database-license:11.8.0] AndroidManifest.xml:4:5-43
MERGED from [com.google.firebase:firebase-database-license:11.8.0] AndroidManifest.xml:4:5-43
MERGED from [com.google.firebase:firebase-storage-license:11.8.0] AndroidManifest.xml:4:5-43
MERGED from [com.google.firebase:firebase-storage-license:11.8.0] AndroidManifest.xml:4:5-43
MERGED from [com.google.android.gms:play-services-gcm-license:11.8.0] AndroidManifest.xml:4:5-43
MERGED from [com.google.android.gms:play-services-gcm-license:11.8.0] AndroidManifest.xml:4:5-43
MERGED from [com.android.support:support-v4:27.1.1] AndroidManifest.xml:20:5-44
MERGED from [com.android.support:support-v4:27.1.1] AndroidManifest.xml:20:5-44
MERGED from [com.android.support:support-fragment:27.1.1] AndroidManifest.xml:20:5-44
MERGED from [com.android.support:support-fragment:27.1.1] AndroidManifest.xml:20:5-44
MERGED from [com.android.support:animated-vector-drawable:27.1.1] AndroidManifest.xml:20:5-44
MERGED from [com.android.support:animated-vector-drawable:27.1.1] AndroidManifest.xml:20:5-44
MERGED from [com.android.support:support-core-ui:27.1.1] AndroidManifest.xml:20:5-44
MERGED from [com.android.support:support-core-ui:27.1.1] AndroidManifest.xml:20:5-44
MERGED from [com.android.support:support-core-utils:27.1.1] AndroidManifest.xml:20:5-44
MERGED from [com.android.support:support-core-utils:27.1.1] AndroidManifest.xml:20:5-44
MERGED from [com.android.support:support-vector-drawable:27.1.1] AndroidManifest.xml:20:5-44
MERGED from [com.android.support:support-vector-drawable:27.1.1] AndroidManifest.xml:20:5-44
MERGED from [com.android.support:transition:27.1.1] AndroidManifest.xml:20:5-44
MERGED from [com.android.support:transition:27.1.1] AndroidManifest.xml:20:5-44
MERGED from [com.android.support:support-media-compat:27.1.1] AndroidManifest.xml:20:5-44
MERGED from [com.android.support:support-media-compat:27.1.1] AndroidManifest.xml:20:5-44
MERGED from [com.android.support:support-compat:27.1.1] AndroidManifest.xml:20:5-44
MERGED from [com.android.support:support-compat:27.1.1] AndroidManifest.xml:20:5-44
MERGED from [com.crashlytics.sdk.android:crashlytics-core:2.6.3] AndroidManifest.xml:50:5-43
MERGED from [com.crashlytics.sdk.android:crashlytics-core:2.6.3] AndroidManifest.xml:50:5-43
MERGED from [com.crashlytics.sdk.android:answers:1.4.2] AndroidManifest.xml:7:5-43
MERGED from [com.crashlytics.sdk.android:answers:1.4.2] AndroidManifest.xml:7:5-43
MERGED from [com.crashlytics.sdk.android:beta:1.2.8] AndroidManifest.xml:7:5-43
MERGED from [com.crashlytics.sdk.android:beta:1.2.8] AndroidManifest.xml:7:5-43
MERGED from [io.fabric.sdk.android:fabric:1.4.3] AndroidManifest.xml:27:5-43
MERGED from [io.fabric.sdk.android:fabric:1.4.3] AndroidManifest.xml:27:5-43
MERGED from [com.google.firebase:firebase-analytics-license:11.8.0] AndroidManifest.xml:4:5-43
MERGED from [com.google.firebase:firebase-analytics-license:11.8.0] AndroidManifest.xml:4:5-43
MERGED from [com.google.android.gms:play-services-base-license:11.8.0] AndroidManifest.xml:4:5-43
MERGED from [com.google.android.gms:play-services-base-license:11.8.0] AndroidManifest.xml:4:5-43
MERGED from [com.google.android.gms:play-services-basement-license:11.8.0] AndroidManifest.xml:4:5-43
MERGED from [com.google.android.gms:play-services-basement-license:11.8.0] AndroidManifest.xml:4:5-43
MERGED from [com.google.firebase:firebase-common-license:11.8.0] AndroidManifest.xml:4:5-43
MERGED from [com.google.firebase:firebase-common-license:11.8.0] AndroidManifest.xml:4:5-43
MERGED from [com.google.android.gms:play-services-tasks-license:11.8.0] AndroidManifest.xml:4:5-43
MERGED from [com.google.android.gms:play-services-tasks-license:11.8.0] AndroidManifest.xml:4:5-43
MERGED from [com.google.firebase:firebase-database-connection-license:11.8.0] AndroidManifest.xml:4:5-43
MERGED from [com.google.firebase:firebase-database-connection-license:11.8.0] AndroidManifest.xml:4:5-43
MERGED from [com.google.firebase:firebase-storage-common-license:11.8.0] AndroidManifest.xml:4:5-43
MERGED from [com.google.firebase:firebase-storage-common-license:11.8.0] AndroidManifest.xml:4:5-43
MERGED from [com.google.android.gms:play-services-iid-license:11.8.0] AndroidManifest.xml:4:5-43
MERGED from [com.google.android.gms:play-services-iid-license:11.8.0] AndroidManifest.xml:4:5-43
MERGED from [android.arch.lifecycle:livedata-core:1.1.0] AndroidManifest.xml:20:5-44
MERGED from [android.arch.lifecycle:livedata-core:1.1.0] AndroidManifest.xml:20:5-44
MERGED from [android.arch.lifecycle:viewmodel:1.1.0] AndroidManifest.xml:20:5-44
MERGED from [android.arch.lifecycle:viewmodel:1.1.0] AndroidManifest.xml:20:5-44
MERGED from [com.google.firebase:firebase-analytics-impl-license:11.8.0] AndroidManifest.xml:4:5-43
MERGED from [com.google.firebase:firebase-analytics-impl-license:11.8.0] AndroidManifest.xml:4:5-43
MERGED from [android.arch.lifecycle:runtime:1.1.0] AndroidManifest.xml:20:5-44
MERGED from [android.arch.lifecycle:runtime:1.1.0] AndroidManifest.xml:20:5-44
MERGED from [android.arch.core:runtime:1.1.0] AndroidManifest.xml:20:5-44
MERGED from [android.arch.core:runtime:1.1.0] AndroidManifest.xml:20:5-44
MERGED from [com.google.firebase:firebase-iid-license:11.8.0] AndroidManifest.xml:4:5-43
MERGED from [com.google.firebase:firebase-iid-license:11.8.0] AndroidManifest.xml:4:5-43
INJECTED from src/main/AndroidManifest.xml
INJECTED from src/main/AndroidManifest.xml
	android:targetSdkVersion
		INJECTED from src/main/AndroidManifest.xml
		ADDED from src/main/AndroidManifest.xml
		INJECTED from src/main/AndroidManifest.xml
	android:minSdkVersion
		INJECTED from src/main/AndroidManifest.xml
		ADDED from src/main/AndroidManifest.xml
		INJECTED from src/main/AndroidManifest.xml
activity#com.google.firebase.auth.internal.FederatedSignInActivity
ADDED from [com.google.firebase:firebase-auth:11.8.0] AndroidManifest.xml:23:9-29:75
	android:excludeFromRecents
		ADDED from [com.google.firebase:firebase-auth:11.8.0] AndroidManifest.xml:25:13-46
	android:launchMode
		ADDED from [com.google.firebase:firebase-auth:11.8.0] AndroidManifest.xml:27:13-48
	android:exported
		ADDED from [com.google.firebase:firebase-auth:11.8.0] AndroidManifest.xml:26:13-36
	android:permission
		ADDED from [com.google.firebase:firebase-auth:11.8.0] AndroidManifest.xml:28:13-102
	android:theme
		ADDED from [com.google.firebase:firebase-auth:11.8.0] AndroidManifest.xml:29:13-72
	android:name
		ADDED from [com.google.firebase:firebase-auth:11.8.0] AndroidManifest.xml:24:13-85
uses-permission#com.google.android.c2dm.permission.RECEIVE
ADDED from [com.google.android.gms:play-services-gcm:11.8.0] AndroidManifest.xml:23:5-82
MERGED from [com.google.android.gms:play-services-iid:11.8.0] AndroidManifest.xml:23:5-82
MERGED from [com.google.android.gms:play-services-iid:11.8.0] AndroidManifest.xml:23:5-82
MERGED from [com.google.firebase:firebase-iid:11.8.0] AndroidManifest.xml:26:5-82
MERGED from [com.google.firebase:firebase-iid:11.8.0] AndroidManifest.xml:26:5-82
	android:name
		ADDED from [com.google.android.gms:play-services-gcm:11.8.0] AndroidManifest.xml:23:22-79
uses-permission#android.permission.INTERNET
ADDED from [com.google.android.gms:play-services-gcm:11.8.0] AndroidManifest.xml:24:5-67
MERGED from [com.crashlytics.sdk.android:crashlytics:2.9.3] AndroidManifest.xml:9:5-67
MERGED from [com.crashlytics.sdk.android:crashlytics:2.9.3] AndroidManifest.xml:9:5-67
MERGED from [com.google.firebase:firebase-analytics:11.8.0] AndroidManifest.xml:23:5-67
MERGED from [com.google.firebase:firebase-analytics:11.8.0] AndroidManifest.xml:23:5-67
MERGED from [com.google.android.gms:play-services-iid:11.8.0] AndroidManifest.xml:24:5-67
MERGED from [com.google.android.gms:play-services-iid:11.8.0] AndroidManifest.xml:24:5-67
MERGED from [com.google.firebase:firebase-analytics-impl:11.8.0] AndroidManifest.xml:23:5-67
MERGED from [com.google.firebase:firebase-analytics-impl:11.8.0] AndroidManifest.xml:23:5-67
MERGED from [com.google.firebase:firebase-iid:11.8.0] AndroidManifest.xml:23:5-67
MERGED from [com.google.firebase:firebase-iid:11.8.0] AndroidManifest.xml:23:5-67
MERGED from [com.crashlytics.sdk.android:crashlytics-core:2.6.3] AndroidManifest.xml:52:5-67
MERGED from [com.crashlytics.sdk.android:crashlytics-core:2.6.3] AndroidManifest.xml:52:5-67
MERGED from [com.crashlytics.sdk.android:answers:1.4.2] AndroidManifest.xml:9:5-67
MERGED from [com.crashlytics.sdk.android:answers:1.4.2] AndroidManifest.xml:9:5-67
MERGED from [com.crashlytics.sdk.android:beta:1.2.8] AndroidManifest.xml:9:5-67
MERGED from [com.crashlytics.sdk.android:beta:1.2.8] AndroidManifest.xml:9:5-67
MERGED from [io.fabric.sdk.android:fabric:1.4.3] AndroidManifest.xml:29:5-67
MERGED from [io.fabric.sdk.android:fabric:1.4.3] AndroidManifest.xml:29:5-67
	android:name
		ADDED from [com.google.android.gms:play-services-gcm:11.8.0] AndroidManifest.xml:24:22-64
provider#com.crashlytics.android.CrashlyticsInitProvider
ADDED from [com.crashlytics.sdk.android:crashlytics:2.9.3] AndroidManifest.xml:12:9-16:39
	android:authorities
		ADDED from [com.crashlytics.sdk.android:crashlytics:2.9.3] AndroidManifest.xml:14:13-75
	android:exported
		ADDED from [com.crashlytics.sdk.android:crashlytics:2.9.3] AndroidManifest.xml:15:13-37
	android:initOrder
		ADDED from [com.crashlytics.sdk.android:crashlytics:2.9.3] AndroidManifest.xml:16:13-36
	android:name
		ADDED from [com.crashlytics.sdk.android:crashlytics:2.9.3] AndroidManifest.xml:13:13-75
uses-permission#android.permission.ACCESS_NETWORK_STATE
ADDED from [com.google.firebase:firebase-analytics:11.8.0] AndroidManifest.xml:24:5-79
MERGED from [com.google.firebase:firebase-analytics-impl:11.8.0] AndroidManifest.xml:24:5-79
MERGED from [com.google.firebase:firebase-analytics-impl:11.8.0] AndroidManifest.xml:24:5-79
MERGED from [com.google.firebase:firebase-iid:11.8.0] AndroidManifest.xml:22:5-79
MERGED from [com.google.firebase:firebase-iid:11.8.0] AndroidManifest.xml:22:5-79
	android:name
		ADDED from [com.google.firebase:firebase-analytics:11.8.0] AndroidManifest.xml:24:22-76
uses-permission#android.permission.WAKE_LOCK
ADDED from [com.google.firebase:firebase-analytics:11.8.0] AndroidManifest.xml:25:5-68